20231225	14:35:25	d4bb715e-8ed3-4743-aa29-c0a8cc059a8e	GET	/api/v1/messages	undefined
20231225	14:36:23	1c263f7b-e809-4c7a-a117-a4eeefe773df	GET	/api/v1/messages	undefined
20231225	14:36:28	99e449a5-f6cc-4606-a71f-b71203f050ea	GET	/api/v1/	undefined
20231225	14:36:33	ae8313b0-0e6f-4005-b5c4-8f79a07b53f0	GET	/	undefined
20231225	14:37:25	74854e9c-350e-4a14-881c-b29b2574fdd2	GET	/api/v1/messages	undefined
20231225	14:37:46	e77fe39e-4001-4dd5-b0de-dcd210faf766	GET	/api/messages	undefined
20231225	14:38:00	f1420f5c-d556-4206-a066-f15872a0b926	GET	/api/messages	undefined
20231225	14:38:45	b4a99eab-7da7-4ddc-9e39-c462a5f39227	GET	/api/messages	undefined
20231225	14:39:11	a89f7abd-ba7b-4e3d-bdd1-19e5da1e0d12	GET	/api/messages	undefined
20231225	14:39:14	679f20a0-35b9-4347-94fa-367458aaba1c	GET	/api/messages	undefined
20231225	14:40:22	318b80d7-cf38-42a4-b4d6-2db06cc2ec8e	GET	/api/messages	undefined
20231225	14:40:27	b670dcbe-ba77-4e60-be7d-5f95c578602e	GET	/messages	undefined
20231225	14:40:56	690b635d-3dec-43ae-bb25-180595bc89e8	GET	/messages	undefined
20231225	14:41:51	50f4f500-8e45-4902-9ec4-9b2bdac5089b	GET	/messages	undefined
20231225	14:42:07	db9b6500-21cd-494c-955f-b471f21b0729	GET	/api/messages	undefined
20231225	14:42:51	a4c33916-407f-4d52-9fe1-b93ce188f4d3	GET	/api/messages	undefined
20231225	14:43:20	d498a094-627e-4595-a333-3d32af40d021	GET	/messages	undefined
20231225	14:46:03	f630ce2b-23e3-4733-b136-abbd529ee7ec	GET	/messages	undefined
20231225	14:47:15	9ad11407-a2cf-4b81-ba94-870d4d348322	GET	/api/va/messages	undefined
20231225	14:47:20	e5e9b43b-33d6-4c90-b242-2a31087eb0de	GET	/api/v1/messages	undefined
20231225	15:00:19	4f71698d-1113-41d0-bd66-23a0524eb15d	GET	/api/v1/messages	undefined
20231225	15:00:43	0e8544e6-b07d-44df-9101-7f20e8c47aaf	GET	/api/v1/messages	undefined
20231225	15:03:14	21c46409-08c8-45e2-bdc7-d88f7bb4bd47	GET	/api/v1/messages	undefined
